<?xml version="1.0" encoding="UTF-8"?>
<!-- Generated by org.testng.reporters.JUnitXMLReporter -->
<testsuite hostname="Azizurahmans-MacBook-Air.local" ignored="1" name="Default test" tests="2" failures="0" timestamp="30 Oct 2020 00:23:27 GMT" time="1.288" errors="0">
  <testcase name="dataProviderExample" time="0.009" classname="testNG.concepts.TestNGDataDrivenConcepts"/>
  <testcase name="dataProviderExample" time="0.002" classname="testNG.concepts.TestNGDataDrivenConcepts"/>
  <testcase name="parametersExample" time="0.0" classname="testNG.concepts.TestNGDataDrivenConcepts">
    <ignored/>
  </testcase> <!-- parametersExample -->
</testsuite> <!-- Default test -->
