<?xml version="1.0" encoding="UTF-8"?>
<!-- Generated by org.testng.reporters.JUnitXMLReporter -->
<testsuite hostname="Azizurahmans-MacBook-Air.local" ignored="6" name="TestNG Groups Concept" tests="3" failures="0" timestamp="29 Oct 2020 00:31:06 GMT" time="0.077" errors="0">
  <testcase name="testSmoke" time="0.013" classname="testNG.concepts.TestNGGroups"/>
  <testcase name="testSmoke_three" time="0.005" classname="testNG.concepts.TestNGGroups"/>
  <testcase name="testSmoke_two" time="0.003" classname="testNG.concepts.TestNGGroups"/>
  <testcase name="testRegression_two" time="0.0" classname="testNG.concepts.TestNGGroups">
    <ignored/>
  </testcase> <!-- testRegression_two -->
  <testcase name="test_two" time="0.0" classname="testNG.concepts.TestNGAnnotations">
    <ignored/>
  </testcase> <!-- test_two -->
  <testcase name="test_without_priority" time="0.0" classname="testNG.concepts.TestNGAnnotations">
    <ignored/>
  </testcase> <!-- test_without_priority -->
  <testcase name="test_one" time="0.0" classname="testNG.concepts.TestNGAnnotations">
    <ignored/>
  </testcase> <!-- test_one -->
  <testcase name="testRegression" time="0.0" classname="testNG.concepts.TestNGGroups">
    <ignored/>
  </testcase> <!-- testRegression -->
  <testcase name="test_three" time="0.0" classname="testNG.concepts.TestNGAnnotations">
    <ignored/>
  </testcase> <!-- test_three -->
</testsuite> <!-- TestNG Groups Concept -->
